[debug] [2020-09-05T16:28:33.865Z] ----------------------------------------------------------------------
[debug] [2020-09-05T16:28:33.866Z] Command:       C:\Program Files\nodejs\node.exe C:\Users\majkl\AppData\Roaming\npm\node_modules\firebase-tools\lib\bin\firebase.js emulators:start
[debug] [2020-09-05T16:28:33.867Z] CLI Version:   8.10.0
[debug] [2020-09-05T16:28:33.867Z] Platform:      win32
[debug] [2020-09-05T16:28:33.867Z] Node Version:  v12.14.0
[debug] [2020-09-05T16:28:33.867Z] Time:          Sat Sep 05 2020 17:28:33 GMT+0100 (British Summer Time)
[debug] [2020-09-05T16:28:33.868Z] ----------------------------------------------------------------------
[debug] [2020-09-05T16:28:33.868Z] 
[debug] [2020-09-05T16:28:33.873Z] > command requires scopes: ["email","openid","https://www.googleapis.com/auth/cloudplatformprojects.readonly","https://www.googleapis.com/auth/firebase","https://www.googleapis.com/auth/cloud-platform"]
[debug] [2020-09-05T16:28:33.873Z] > authorizing via signed-in user
[info] i  emulators: Starting emulators: functions, firestore, database {"metadata":{"emulator":{"name":"hub"},"message":"Starting emulators: functions, firestore, database"}}
[debug] [2020-09-05T16:28:35.887Z] [hub] writing locator at C:\Users\majkl\AppData\Local\Temp\hub-rollinghills-61b07.json
[warn] !  functions: The functions emulator is configured but there is no functions source directory. Have you run firebase init functions? {"metadata":{"emulator":{"name":"functions"},"message":"The functions emulator is configured but there is no functions source directory. Have you run \u001b[1mfirebase init functions\u001b[22m?"}}
[debug] [2020-09-05T16:28:37.905Z] Ignoring unsupported arg: projectId {"metadata":{"emulator":{"name":"firestore"},"message":"Ignoring unsupported arg: projectId"}}
[debug] [2020-09-05T16:28:37.906Z] Ignoring unsupported arg: auto_download {"metadata":{"emulator":{"name":"firestore"},"message":"Ignoring unsupported arg: auto_download"}}
[debug] [2020-09-05T16:28:37.906Z] Starting Firestore Emulator with command {"binary":"java","args":["-Duser.language=en","-jar","C:\\Users\\majkl\\.cache\\firebase\\emulators\\cloud-firestore-emulator-v1.11.7.jar","--host","localhost","--port",8080,"--rules","C:\\RollingHills\\firestore.rules"],"optionalArgs":["port","webchannel_port","host","rules","functions_emulator","seed_from_export"],"joinArgs":false} {"metadata":{"emulator":{"name":"firestore"},"message":"Starting Firestore Emulator with command {\"binary\":\"java\",\"args\":[\"-Duser.language=en\",\"-jar\",\"C:\\\\Users\\\\majkl\\\\.cache\\\\firebase\\\\emulators\\\\cloud-firestore-emulator-v1.11.7.jar\",\"--host\",\"localhost\",\"--port\",8080,\"--rules\",\"C:\\\\RollingHills\\\\firestore.rules\"],\"optionalArgs\":[\"port\",\"webchannel_port\",\"host\",\"rules\",\"functions_emulator\",\"seed_from_export\"],\"joinArgs\":false}"}}
[info] i  firestore: Firestore Emulator logging to firestore-debug.log {"metadata":{"emulator":{"name":"firestore"},"message":"Firestore Emulator logging to \u001b[1mfirestore-debug.log\u001b[22m"}}
[debug] [2020-09-05T16:28:38.950Z] API endpoint: http://localhost: {"metadata":{"emulator":{"name":"firestore"},"message":"API endpoint: http://localhost:"}}
[debug] [2020-09-05T16:28:38.950Z] 8080
If you are using a library that supports the FIRESTORE_EMULATOR_HOST environment variable, run:

   export FIRESTORE_EMULATOR_HOST=localhost:8080

Dev App Server is now running.

 {"metadata":{"emulator":{"name":"firestore"},"message":"8080\nIf you are using a library that supports the FIRESTORE_EMULATOR_HOST environment variable, run:\r\n\n   export FIRESTORE_EMULATOR_HOST=localhost:8080\n\nDev App Server is now running.\n\r\n"}}
[debug] [2020-09-05T16:28:41.416Z] database rules config:  [{"instance":"rollinghills-61b07","rules":"C:\\RollingHills\\database.rules.json"}]
[info] i  database: downloading firebase-database-emulator-v4.5.0.jar... {"metadata":{"emulator":{"name":"database"},"message":"downloading firebase-database-emulator-v4.5.0.jar..."}}
[debug] [2020-09-05T16:28:48.074Z] Ignoring unsupported arg: projectId {"metadata":{"emulator":{"name":"database"},"message":"Ignoring unsupported arg: projectId"}}
[debug] [2020-09-05T16:28:48.074Z] Ignoring unsupported arg: auto_download {"metadata":{"emulator":{"name":"database"},"message":"Ignoring unsupported arg: auto_download"}}
[debug] [2020-09-05T16:28:48.074Z] Ignoring unsupported arg: rules {"metadata":{"emulator":{"name":"database"},"message":"Ignoring unsupported arg: rules"}}
[debug] [2020-09-05T16:28:48.074Z] Starting Database Emulator with command {"binary":"java","args":["-Duser.language=en","-jar","C:\\Users\\majkl\\.cache\\firebase\\emulators\\firebase-database-emulator-v4.5.0.jar","--host","localhost","--port",9000],"optionalArgs":["port","host","functions_emulator_port","functions_emulator_host"],"joinArgs":false} {"metadata":{"emulator":{"name":"database"},"message":"Starting Database Emulator with command {\"binary\":\"java\",\"args\":[\"-Duser.language=en\",\"-jar\",\"C:\\\\Users\\\\majkl\\\\.cache\\\\firebase\\\\emulators\\\\firebase-database-emulator-v4.5.0.jar\",\"--host\",\"localhost\",\"--port\",9000],\"optionalArgs\":[\"port\",\"host\",\"functions_emulator_port\",\"functions_emulator_host\"],\"joinArgs\":false}"}}
[info] i  database: Database Emulator logging to database-debug.log {"metadata":{"emulator":{"name":"database"},"message":"Database Emulator logging to \u001b[1mdatabase-debug.log\u001b[22m"}}
[debug] [2020-09-05T16:28:49.254Z] 17:28:49.252 [NamespaceSystem-akka.actor.default-dispatcher-4] INFO akka.event.slf4j.Slf4jLogger - Slf4jLogger started
 {"metadata":{"emulator":{"name":"database"},"message":"17:28:49.252 [NamespaceSystem-akka.actor.default-dispatcher-4] INFO akka.event.slf4j.Slf4jLogger - Slf4jLogger started\r\n"}}
[debug] [2020-09-05T16:28:49.379Z] 17:28:49.379 [main] INFO com.firebase.server.forge.App$ - Listening at localhost:9000
 {"metadata":{"emulator":{"name":"database"},"message":"17:28:49.379 [main] INFO com.firebase.server.forge.App$ - Listening at localhost:9000\r\n"}}
[info] i  ui: downloading ui-v1.1.1.zip... {"metadata":{"emulator":{"name":"ui"},"message":"downloading ui-v1.1.1.zip..."}}
[debug] [2020-09-05T16:28:55.390Z] Ignoring unsupported arg: auto_download {"metadata":{"emulator":{"name":"ui"},"message":"Ignoring unsupported arg: auto_download"}}
[debug] [2020-09-05T16:28:55.390Z] Ignoring unsupported arg: port {"metadata":{"emulator":{"name":"ui"},"message":"Ignoring unsupported arg: port"}}
[debug] [2020-09-05T16:28:55.390Z] Starting Emulator UI with command {"binary":"node","args":["C:\\Users\\majkl\\.cache\\firebase\\emulators\\ui-v1.1.1\\server.bundle.js"],"optionalArgs":[],"joinArgs":false} {"metadata":{"emulator":{"name":"ui"},"message":"Starting Emulator UI with command {\"binary\":\"node\",\"args\":[\"C:\\\\Users\\\\majkl\\\\.cache\\\\firebase\\\\emulators\\\\ui-v1.1.1\\\\server.bundle.js\"],\"optionalArgs\":[],\"joinArgs\":false}"}}
[info] i  ui: Emulator UI logging to ui-debug.log {"metadata":{"emulator":{"name":"ui"},"message":"Emulator UI logging to \u001b[1mui-debug.log\u001b[22m"}}
[debug] [2020-09-05T16:28:55.467Z] Web / API server started at http://localhost:4000
 {"metadata":{"emulator":{"name":"ui"},"message":"Web / API server started at http://localhost:4000\n"}}
[debug] [2020-09-05T16:28:55.896Z] >>> HTTP REQUEST PUT http://localhost:9000/.settings/rules.json?ns=rollinghills-61b07  
 {
  /* Visit https://firebase.google.com/docs/database/security to learn more about security rules. */
  "rules": {
    ".read": false,
    ".write": false
  }
}
[debug] [2020-09-05T16:28:56.162Z] <<< HTTP RESPONSE 200 {"content-length":"15","content-type":"application/json; charset=utf-8","access-control-allow-origin":"*","cache-control":"no-cache","x-firebase-project-id":"rollinghills-61b07","x-firebase-project-number":"123456789","x-firebase-uuid":"fdef0475-4c5b-4531-9f22-65a58f58c774"}
[info] 
┌───────────────────────────────────────────────────────────────────────┐
│ ✔  All emulators ready! View status and logs at http://localhost:4000 │
└───────────────────────────────────────────────────────────────────────┘

┌───────────┬──────────────────────────────────┬─────────────────────────────────┐
│ Emulator  │ Host:Port                        │ View in Emulator UI             │
├───────────┼──────────────────────────────────┼─────────────────────────────────┤
│ Functions │ Failed to initialize (see above) │                                 │
├───────────┼──────────────────────────────────┼─────────────────────────────────┤
│ Firestore │ localhost:8080                   │ http://localhost:4000/firestore │
├───────────┼──────────────────────────────────┼─────────────────────────────────┤
│ Database  │ localhost:9000                   │ http://localhost:4000/database  │
└───────────┴──────────────────────────────────┴─────────────────────────────────┘
  Other reserved ports: 4400, 4500

Issues? Report them at https://github.com/firebase/firebase-tools/issues and attach the *-debug.log files.
 
[debug] [2020-09-05T16:29:19.942Z] Sep 05, 2020 5:29:19 PM io.gapi.emulators.netty.HttpVersionRoutingHandler channelRead
INFO: Detected non-HTTP/2 connection.
 {"metadata":{"emulator":{"name":"firestore"},"message":"Sep 05, 2020 5:29:19 PM io.gapi.emulators.netty.HttpVersionRoutingHandler channelRead\r\nINFO: Detected non-HTTP/2 connection.\r\n"}}
[debug] [2020-09-05T16:29:20.053Z] Sep 05, 2020 5:29:20 PM io.gapi.emulators.netty.HttpVersionRoutingHandler channelRead
INFO: Detected HTTP/2 connection.
 {"metadata":{"emulator":{"name":"firestore"},"message":"Sep 05, 2020 5:29:20 PM io.gapi.emulators.netty.HttpVersionRoutingHandler channelRead\r\nINFO: Detected HTTP/2 connection.\r\n"}}
